This is pdfTeX, Version 3.14159265-2.6-1.40.20 (MiKTeX 2.9.7250 64-bit) (preloaded format=pdflatex 2019.12.10)  17 DEC 2019 22:31
entering extended mode
**c:/Users/jakob/Documents/TUP/naloge/naloga3/naloga2&3.tex
(c:/Users/jakob/Documents/TUP/naloge/naloga3/naloga2&3.tex
LaTeX2e <2019-10-01> patch level 3
("C:\Users\jakob\AppData\Local\Programs\MiKTeX 2.9\tex/latex/base\report.cls"
Document Class: report 2019/10/25 v1.4k Standard LaTeX document class
("C:\Users\jakob\AppData\Local\Programs\MiKTeX 2.9\tex/latex/base\size12.clo"
File: size12.clo 2019/10/25 v1.4k Standard LaTeX file (size option)
)
\c@part=\count80
\c@chapter=\count81
\c@section=\count82
\c@subsection=\count83
\c@subsubsection=\count84
\c@paragraph=\count85
\c@subparagraph=\count86
\c@figure=\count87
\c@table=\count88
\abovecaptionskip=\skip41
\belowcaptionskip=\skip42
\bibindent=\dimen102
) ("C:\Users\jakob\AppData\Local\Programs\MiKTeX 2.9\tex/generic/babel\babel.sty"
Package: babel 2019/11/14 3.36 The Babel package
 ("C:\Users\jakob\AppData\Local\Programs\MiKTeX 2.9\tex/generic/babel\switch.def"
File: switch.def 2019/11/14 3.36 Babel switching mechanism
)
*************************************
* Local config file bblopts.cfg used
*
("C:\Users\jakob\AppData\Local\Programs\MiKTeX 2.9\tex/latex/arabi\bblopts.cfg"
File: bblopts.cfg 2005/09/08 v0.1 add Arabic and Farsi to "declared" options of babel
) ("C:\Users\jakob\AppData\Local\Programs\MiKTeX 2.9\tex/latex/babel-slovenian\slovene.ldf"
Language: slovene 2005/03/31 v1.2m Slovene support from the babel system
 ("C:\Users\jakob\AppData\Local\Programs\MiKTeX 2.9\tex/generic/babel\babel.def"
File: babel.def 2019/11/14 3.36 Babel common definitions
\babel@savecnt=\count89
\U@D=\dimen103
 ("C:\Users\jakob\AppData\Local\Programs\MiKTeX 2.9\tex/generic/babel\txtbabel.def")
\bbl@dirlevel=\count90
)
Package babel Info: Making " an active character on input line 79.
)) ("C:\Users\jakob\AppData\Local\Programs\MiKTeX 2.9\tex/latex/listings\listings.sty" ("C:\Users\jakob\AppData\Local\Programs\MiKTeX 2.9\tex/latex/graphics\keyval.sty"
Package: keyval 2014/10/28 v1.15 key=value parser (DPC)
\KV@toks@=\toks14
)
\lst@mode=\count91
\lst@gtempboxa=\box27
\lst@token=\toks15
\lst@length=\count92
\lst@currlwidth=\dimen104
\lst@column=\count93
\lst@pos=\count94
\lst@lostspace=\dimen105
\lst@width=\dimen106
\lst@newlines=\count95
\lst@lineno=\count96
\lst@maxwidth=\dimen107
 ("C:\Users\jakob\AppData\Local\Programs\MiKTeX 2.9\tex/latex/listings\lstmisc.sty"
File: lstmisc.sty 2019/09/10 1.8c (Carsten Heinz)
\c@lstnumber=\count97
\lst@skipnumbers=\count98
\lst@framebox=\box28
) ("C:\Users\jakob\AppData\Local\Programs\MiKTeX 2.9\tex/latex/listings\listings.cfg"
File: listings.cfg 2019/09/10 1.8c listings configuration
))
Package: listings 2019/09/10 1.8c (Carsten Heinz)
 ("C:\Users\jakob\AppData\Local\Programs\MiKTeX 2.9\tex/latex/graphics\graphicx.sty"
Package: graphicx 2017/06/01 v1.1a Enhanced LaTeX Graphics (DPC,SPQR)
 ("C:\Users\jakob\AppData\Local\Programs\MiKTeX 2.9\tex/latex/graphics\graphics.sty"
Package: graphics 2019/11/01 v1.3d Standard LaTeX Graphics (DPC,SPQR)
 ("C:\Users\jakob\AppData\Local\Programs\MiKTeX 2.9\tex/latex/graphics\trig.sty"
Package: trig 2016/01/03 v1.10 sin cos tan (DPC)
) ("C:\Users\jakob\AppData\Local\Programs\MiKTeX 2.9\tex/latex/graphics-cfg\graphics.cfg"
File: graphics.cfg 2016/06/04 v1.11 sample graphics configuration
)
Package graphics Info: Driver file: pdftex.def on input line 105.
 ("C:\Users\jakob\AppData\Local\Programs\MiKTeX 2.9\tex/latex/graphics-def\pdftex.def"
File: pdftex.def 2018/01/08 v1.0l Graphics/color driver for pdftex
))
\Gin@req@height=\dimen108
\Gin@req@width=\dimen109
) ("C:\Users\jakob\AppData\Local\Programs\MiKTeX 2.9\tex/latex/placeins\placeins.sty"
Package: placeins 2005/04/18  v 2.2
) ("C:\Users\jakob\AppData\Local\Programs\MiKTeX 2.9\tex/latex/listings\lstlang1.sty"
File: lstlang1.sty 2019/09/10 1.8c listings language file
) (c:/Users\jakob\Documents\TUP\naloge\naloga3\naloga2&3.aux)
\openout1 = `naloga2&3.aux'.

LaTeX Font Info:    Checking defaults for OML/cmm/m/it on input line 14.
LaTeX Font Info:    ... okay on input line 14.
LaTeX Font Info:    Checking defaults for T1/cmr/m/n on input line 14.
LaTeX Font Info:    ... okay on input line 14.
LaTeX Font Info:    Checking defaults for OT1/cmr/m/n on input line 14.
LaTeX Font Info:    ... okay on input line 14.
LaTeX Font Info:    Checking defaults for OMS/cmsy/m/n on input line 14.
LaTeX Font Info:    ... okay on input line 14.
LaTeX Font Info:    Checking defaults for OMX/cmex/m/n on input line 14.
LaTeX Font Info:    ... okay on input line 14.
LaTeX Font Info:    Checking defaults for U/cmr/m/n on input line 14.
LaTeX Font Info:    ... okay on input line 14.
\c@lstlisting=\count99
 ("C:\Users\jakob\AppData\Local\Programs\MiKTeX 2.9\tex/context/base/mkii\supp-pdf.mkii"
[Loading MPS to PDF converter (version 2006.09.02).]
\scratchcounter=\count100
\scratchdimen=\dimen110
\scratchbox=\box29
\nofMPsegments=\count101
\nofMParguments=\count102
\everyMPshowfont=\toks16
\MPscratchCnt=\count103
\MPscratchDim=\dimen111
\MPnumerator=\count104
\makeMPintoPDFobject=\count105
\everyMPtoPDFconversion=\toks17
) ("C:\Users\jakob\AppData\Local\Programs\MiKTeX 2.9\tex/latex/epstopdf-pkg\epstopdf-base.sty"
Package: epstopdf-base 2019/11/24 v2.7 Base part for package epstopdf
 ("C:\Users\jakob\AppData\Local\Programs\MiKTeX 2.9\tex/generic/oberdiek\infwarerr.sty"
Package: infwarerr 2016/05/16 v1.4 Providing info/warning/error messages (HO)
) ("C:\Users\jakob\AppData\Local\Programs\MiKTeX 2.9\tex/latex/oberdiek\grfext.sty"
Package: grfext 2016/05/16 v1.2 Manage graphics extensions (HO)
 ("C:\Users\jakob\AppData\Local\Programs\MiKTeX 2.9\tex/generic/oberdiek\kvdefinekeys.sty"
Package: kvdefinekeys 2016/05/16 v1.4 Define keys (HO)
 ("C:\Users\jakob\AppData\Local\Programs\MiKTeX 2.9\tex/generic/oberdiek\ltxcmds.sty"
Package: ltxcmds 2016/05/16 v1.23 LaTeX kernel commands for general use (HO)
))) ("C:\Users\jakob\AppData\Local\Programs\MiKTeX 2.9\tex/latex/oberdiek\kvoptions.sty"
Package: kvoptions 2016/05/16 v3.12 Key value format for package options (HO)
 ("C:\Users\jakob\AppData\Local\Programs\MiKTeX 2.9\tex/generic/oberdiek\kvsetkeys.sty"
Package: kvsetkeys 2016/05/16 v1.17 Key value parser (HO)
 ("C:\Users\jakob\AppData\Local\Programs\MiKTeX 2.9\tex/generic/oberdiek\etexcmds.sty"
Package: etexcmds 2016/05/16 v1.6 Avoid name clashes with e-TeX commands (HO)
 ("C:\Users\jakob\AppData\Local\Programs\MiKTeX 2.9\tex/generic/iftex\ifluatex.sty"
Package: ifluatex 2019/10/25 v1.5 ifluatex legacy package. Use iftex instead.
 ("C:\Users\jakob\AppData\Local\Programs\MiKTeX 2.9\tex/generic/iftex\iftex.sty"
Package: iftex 2019/11/07 v1.0c TeX engine tests
))))) ("C:\Users\jakob\AppData\Local\Programs\MiKTeX 2.9\tex/latex/pdftexcmds\pdftexcmds.sty"
Package: pdftexcmds 2019/11/24 v0.31 Utility functions of pdfTeX for LuaTeX (HO)
Package pdftexcmds Info: \pdf@primitive is available.
Package pdftexcmds Info: \pdf@ifprimitive is available.
Package pdftexcmds Info: \pdfdraftmode found.
)
Package epstopdf-base Info: Redefining graphics rule for `.eps' on input line 442.
Package grfext Info: Graphics extension search list:
(grfext)             [.pdf,.png,.jpg,.mps,.jpeg,.jbig2,.jb2,.PDF,.PNG,.JPG,.JPEG,.JBIG2,.JB2,.eps]
(grfext)             \AppendGraphicsExtensions on input line 460.
)
LaTeX Font Info:    External font `cmex10' loaded for size
(Font)              <14.4> on input line 18.
LaTeX Font Info:    External font `cmex10' loaded for size
(Font)              <7> on input line 18.
 [1

{C:/Users/jakob/AppData/Local/MiKTeX/2.9/pdftex/config/pdftex.map}] [1

]
LaTeX Font Info:    External font `cmex10' loaded for size
(Font)              <12> on input line 35.
LaTeX Font Info:    External font `cmex10' loaded for size
(Font)              <8> on input line 35.
LaTeX Font Info:    External font `cmex10' loaded for size
(Font)              <6> on input line 35.

Underfull \hbox (badness 7081) in paragraph at lines 43--43
[]\OT1/cmr/m/n/12 diagnoza($[]$, slo-ven-ska[]kvalifikacija, an-gle-ska[]kvalifikacija, med-na-ro-
 []


Underfull \hbox (badness 10000) in paragraph at lines 45--46
[]\OT1/cmr/m/n/12 cakalna[]vrsta($[]$, da-tum[]vpisa, cas[]vpisa,
 []


Underfull \hbox (badness 10000) in paragraph at lines 47--48
[]\OT1/cmr/m/n/12 izvid[]preiskave($[]$, #id[]samoplacnika, #si-fra[]preiskave, #ste-
 []


Underfull \hbox (badness 10000) in paragraph at lines 49--49
[]\OT1/cmr/m/n/12 preiskava($[]$, ime pre-i-skave, min[]dopustni[]interval,
 []


Underfull \hbox (badness 4316) in paragraph at lines 50--50
[]\OT1/cmr/m/n/12 referencna[]vrednost[]moski($[]$, ime[]preiskave, min[]dopustni[]interval,
 []


Underfull \hbox (badness 10000) in paragraph at lines 50--50
\OT1/cmr/m/n/12 max[]dopustni[]interval, cena[]za[]samoplacnike, min[]referencna[]vrednost,
 []


Underfull \hbox (badness 2460) in paragraph at lines 51--51
[]\OT1/cmr/m/n/12 referencna[]vrednost[]zenske($[]$, ime[]preiskave, min[]dopustni[]interval,
 []


Underfull \hbox (badness 10000) in paragraph at lines 51--51
\OT1/cmr/m/n/12 max[]dopustni[]interval, cena[]za[]samoplacnike, min[]referencna[]vrednost,
 []


Overfull \hbox (52.79134pt too wide) in paragraph at lines 35--54
 [] 
 []

[2]
Underfull \hbox (badness 7081) in paragraph at lines 72--72
[]\OT1/cmr/m/n/12 diagnoza($[]$, slo-ven-ska[]kvalifikacija, an-gle-ska[]kvalifikacija, med-na-ro-
 []


Underfull \hbox (badness 10000) in paragraph at lines 74--75
[]\OT1/cmr/m/n/12 cakalna[]vrsta($[]$, da-tum[]vpisa, cas[]vpisa,
 []


Underfull \hbox (badness 10000) in paragraph at lines 76--77
[]\OT1/cmr/m/n/12 izvid[]preiskave($[]$, #id[]samoplacnika, #si-fra[]preiskave, #ste-
 []


Underfull \hbox (badness 10000) in paragraph at lines 78--78
[]\OT1/cmr/m/n/12 preiskava($[]$, ime pre-i-skave, min[]dopustni[]interval,
 []


Underfull \hbox (badness 10000) in paragraph at lines 78--78
\OT1/cmr/m/n/12 max[]dopustni[]interval, cena[]za[]samoplacnike, min[]referencna[]vrednost[]moski,
 []


Underfull \hbox (badness 10000) in paragraph at lines 78--78
\OT1/cmr/m/n/12 max[]referencna[]vrednost[]moski, min[]referencna[]vrednost[]zenska,
 []


Overfull \hbox (52.79134pt too wide) in paragraph at lines 64--81
 [] 
 []

[3]
Overfull \hbox (1.23622pt too wide) in paragraph at lines 92--93
 [] \OT1/cmr/m/n/12 Edina raz-lika se po-javi pri pre-tvorbi hi-er-hije iz kon-cep-tnega mo-del v logicni.
 []

[4] [5] [6] [7] [8]
Overfull \hbox (5.95374pt too wide) in paragraph at lines 297--298
 \OT1/cmr/bx/n/12 Opis po-i-zvedbe[] \OT1/cmr/m/n/12 Po-i-zvedba za vsa-kega iz-med sa-mo-placnikov v bazi izracuna
 []


Underfull \hbox (badness 10000) in paragraph at lines 299--300

 []

[9]
Underfull \hbox (badness 10000) in paragraph at lines 315--316

 []


Underfull \hbox (badness 10000) in paragraph at lines 336--337

 []


Overfull \hbox (12.08978pt too wide) in paragraph at lines 352--353
 \OT1/cmr/bx/n/12 Opis po-i-zvedbe[] \OT1/cmr/m/n/12 Po-i-zvedba za vsa-kega iz-med obrav-na-va-nih pa-ci-en-tov prikaze
 []

[10]
Underfull \hbox (badness 10000) in paragraph at lines 354--355

 []


Underfull \hbox (badness 10000) in paragraph at lines 369--370

 []


Overfull \hbox (4.79932pt too wide) in paragraph at lines 379--380
[][][][][][][][][][][][][][][][][][][][][] 
 []

[11]
Overfull \hbox (1.32567pt too wide) in paragraph at lines 387--388
 \OT1/cmr/bx/n/12 Na-vo-dila[] \OT1/cmr/m/n/12 De-fi-ni-rajte me-ha-ni-zem, ki bo pre-preceval, da bi pa-ci-entu v okviru
 []

LaTeX Font Info:    Trying to load font information for OML+cmr on input line 405.
("C:\Users\jakob\AppData\Local\Programs\MiKTeX 2.9\tex/latex/base\omlcmr.fd"
File: omlcmr.fd 2014/09/29 v2.5h Standard LaTeX font definitions
)
LaTeX Font Info:    Font shape `OML/cmr/m/n' in size <12> not available
(Font)              Font shape `OML/cmm/m/it' tried instead on input line 405.
 [12

] [13]
<./grafi/2300.png, id=52, 1387.584pt x 685.8423pt>
File: ./grafi/2300.png Graphic file (type png)
<use ./grafi/2300.png>
Package pdftex.def Info: ./grafi/2300.png  used on input line 458.
(pdftex.def)             Requested size: 155.99762pt x 77.09636pt.
File: ./grafi/2300.png Graphic file (type png)
<use ./grafi/2300.png>
Package pdftex.def Info: ./grafi/2300.png  used on input line 463.
(pdftex.def)             Requested size: 155.99762pt x 77.09636pt.
<./grafi/2303.png, id=54, 1387.584pt x 685.8423pt>
File: ./grafi/2303.png Graphic file (type png)
<use ./grafi/2303.png>
Package pdftex.def Info: ./grafi/2303.png  used on input line 471.
(pdftex.def)             Requested size: 155.99762pt x 77.09636pt.
<./grafi/2304.png, id=55, 1387.584pt x 685.8423pt>
File: ./grafi/2304.png Graphic file (type png)
<use ./grafi/2304.png>
Package pdftex.def Info: ./grafi/2304.png  used on input line 476.
(pdftex.def)             Requested size: 155.99762pt x 77.09636pt.
File: ./grafi/2304.png Graphic file (type png)
<use ./grafi/2304.png>
Package pdftex.def Info: ./grafi/2304.png  used on input line 484.
(pdftex.def)             Requested size: 155.99762pt x 77.09636pt.
<./grafi/2306.png, id=56, 1387.584pt x 685.8423pt>
File: ./grafi/2306.png Graphic file (type png)
<use ./grafi/2306.png>
Package pdftex.def Info: ./grafi/2306.png  used on input line 489.
(pdftex.def)             Requested size: 155.99762pt x 77.09636pt.
<./grafi/2307.png, id=57, 1387.584pt x 685.8423pt>
File: ./grafi/2307.png Graphic file (type png)
<use ./grafi/2307.png>
Package pdftex.def Info: ./grafi/2307.png  used on input line 497.
(pdftex.def)             Requested size: 155.99762pt x 77.09636pt.
<./grafi/2308.png, id=58, 1387.584pt x 685.8423pt>
File: ./grafi/2308.png Graphic file (type png)
<use ./grafi/2308.png>
Package pdftex.def Info: ./grafi/2308.png  used on input line 502.
(pdftex.def)             Requested size: 155.99762pt x 77.09636pt.
<./grafi/2309.png, id=59, 1387.584pt x 685.8423pt>
File: ./grafi/2309.png Graphic file (type png)
<use ./grafi/2309.png>
Package pdftex.def Info: ./grafi/2309.png  used on input line 510.
(pdftex.def)             Requested size: 155.99762pt x 77.09636pt.
File: ./grafi/2309.png Graphic file (type png)
<use ./grafi/2309.png>
Package pdftex.def Info: ./grafi/2309.png  used on input line 519.
(pdftex.def)             Requested size: 155.99762pt x 77.09636pt.
<./grafi/zenske.png, id=60, 1387.584pt x 685.8423pt>
File: ./grafi/zenske.png Graphic file (type png)
<use ./grafi/zenske.png>
Package pdftex.def Info: ./grafi/zenske.png  used on input line 524.
(pdftex.def)             Requested size: 155.99762pt x 77.09636pt.
 [14 <./grafi/2300.png> <./grafi/2303.png> <./grafi/2304.png> <./grafi/2306.png>] [15 <./grafi/2307.png> <./grafi/2308.png> <./grafi/2309.png> <./grafi/zenske.png>] [16] [17] (c:/Users\jakob\Documents\TUP\naloge\naloga3\naloga2&3.aux) ) 
Here is how much of TeX's memory you used:
 4139 strings out of 492484
 58358 string characters out of 3121600
 338300 words of memory out of 3000000
 8438 multiletter control sequences out of 15000+200000
 9761 words of font info for 34 fonts, out of 3000000 for 9000
 1141 hyphenation exceptions out of 8191
 55i,12n,40p,422b,1803s stack positions out of 5000i,500n,10000p,200000b,50000s
<C:/Users/jakob/AppData/Local/Programs/MiKTeX 2.9/fonts/type1/public/amsfonts/cm/cmbx12.pfb><C:/Users/jakob/AppData/Local/Programs/MiKTeX 2.9/fonts/type1/public/amsfonts/cm/cmmi12.pfb><C:/Users/jakob/AppData/Local/Programs/MiKTeX 2.9/fonts/type1/public/amsfonts/cm/cmr12.pfb><C:/Users/jakob/AppData/Local/Programs/MiKTeX 2.9/fonts/type1/public/amsfonts/cm/cmr17.pfb><C:/Users/jakob/AppData/Local/Programs/MiKTeX 2.9/fonts/type1/public/amsfonts/cm/cmsy10.pfb><C:/Users/jakob/AppData/Local/Programs/MiKTeX 2.9/fonts/type1/public/amsfonts/cm/cmti12.pfb>
Output written on c:/Users\jakob\Documents\TUP\naloge\naloga3\naloga2&3.pdf (18 pages, 525418 bytes).
PDF statistics:
 101 PDF objects out of 1000 (max. 8388607)
 0 named destinations out of 1000 (max. 500000)
 41 words of extra memory for PDF output out of 10000 (max. 10000000)

